0 info it worked if it ends with ok
1 verbose cli [ '/usr/bin/nodejs', '/usr/bin/npm', 'run', 'test' ]
2 info using npm@3.8.9
3 info using node@v6.2.0
4 verbose run-script [ 'pretest', 'test', 'posttest' ]
5 info lifecycle shop@0.1.0~pretest: shop@0.1.0
6 silly lifecycle shop@0.1.0~pretest: no script for pretest, continuing
7 info lifecycle shop@0.1.0~test: shop@0.1.0
8 verbose lifecycle shop@0.1.0~test: unsafe-perm in lifecycle true
9 verbose lifecycle shop@0.1.0~test: PATH: /usr/lib/node_modules/npm/bin/node-gyp-bin:/home/jd/test-project/shop/node_modules/.bin:/usr/bin:/usr/local/sbin:/usr/local/bin:/usr/sbin:/usr/bin:/sbin:/bin:/usr/games:/usr/local/games:/home/jd/Android/Sdk/tools:/home/jd/Android/Sdk/platform-tools
10 verbose lifecycle shop@0.1.0~test: CWD: /home/jd/test-project/shop
11 silly lifecycle shop@0.1.0~test: Args: [ '-c',
11 silly lifecycle   'mocha .scripts/mocha_boot.js client/**/tests/**/*.js --compilers js:babel-core/register' ]
12 silly lifecycle shop@0.1.0~test: Returned: code: 1  signal: null
13 info lifecycle shop@0.1.0~test: Failed to exec test script
14 verbose stack Error: shop@0.1.0 test: `mocha .scripts/mocha_boot.js client/**/tests/**/*.js --compilers js:babel-core/register`
14 verbose stack Exit status 1
14 verbose stack     at EventEmitter.<anonymous> (/usr/lib/node_modules/npm/lib/utils/lifecycle.js:245:16)
14 verbose stack     at emitTwo (events.js:106:13)
14 verbose stack     at EventEmitter.emit (events.js:191:7)
14 verbose stack     at ChildProcess.<anonymous> (/usr/lib/node_modules/npm/lib/utils/spawn.js:24:14)
14 verbose stack     at emitTwo (events.js:106:13)
14 verbose stack     at ChildProcess.emit (events.js:191:7)
14 verbose stack     at maybeClose (internal/child_process.js:850:16)
14 verbose stack     at Process.ChildProcess._handle.onexit (internal/child_process.js:215:5)
15 verbose pkgid shop@0.1.0
16 verbose cwd /home/jd/test-project/shop
17 error Linux 4.2.0-36-generic
18 error argv "/usr/bin/nodejs" "/usr/bin/npm" "run" "test"
19 error node v6.2.0
20 error npm  v3.8.9
21 error code ELIFECYCLE
22 error shop@0.1.0 test: `mocha .scripts/mocha_boot.js client/**/tests/**/*.js --compilers js:babel-core/register`
22 error Exit status 1
23 error Failed at the shop@0.1.0 test script 'mocha .scripts/mocha_boot.js client/**/tests/**/*.js --compilers js:babel-core/register'.
23 error Make sure you have the latest version of node.js and npm installed.
23 error If you do, this is most likely a problem with the shop package,
23 error not with npm itself.
23 error Tell the author that this fails on your system:
23 error     mocha .scripts/mocha_boot.js client/**/tests/**/*.js --compilers js:babel-core/register
23 error You can get information on how to open an issue for this project with:
23 error     npm bugs shop
23 error Or if that isn't available, you can get their info via:
23 error     npm owner ls shop
23 error There is likely additional logging output above.
24 verbose exit [ 1, true ]
